<?xml version="1.0" encoding="UTF-8"?>
<!-- Generated by org.testng.reporters.JUnitXMLReporter -->
<testsuite hostname="Krishnas-MacBook-Pro.local" ignored="2" name="Default test" tests="1" failures="0" timestamp="06 Nov 2019 02:41:53 GMT" time="20.792" errors="0">
  <testcase name="editExistingDiscountTest" time="11.675" classname="testcases.DiscountsTest"/>
  <testcase name="addDiscountTest" time="0.0" classname="testcases.DiscountsTest">
    <ignored/>
  </testcase> <!-- addDiscountTest -->
  <testcase name="searchDiscountTest" time="0.0" classname="testcases.DiscountsTest">
    <ignored/>
  </testcase> <!-- searchDiscountTest -->
</testsuite> <!-- Default test -->
