<?xml version="1.0" encoding="UTF-8"?>
<!-- Generated by org.testng.reporters.JUnitXMLReporter -->
<testsuite hostname="Krishnas-MacBook-Pro.local" ignored="2" name="Default test" tests="1" failures="0" timestamp="08 Nov 2019 03:07:39 GMT" time="28.996" errors="0">
  <testcase name="addDiscountTest" time="14.378" classname="testcases.DiscountsTest"/>
  <testcase name="editExistingDiscountTest" time="0.0" classname="testcases.DiscountsTest">
    <ignored/>
  </testcase> <!-- editExistingDiscountTest -->
  <testcase name="searchDiscountTest" time="0.0" classname="testcases.DiscountsTest">
    <ignored/>
  </testcase> <!-- searchDiscountTest -->
</testsuite> <!-- Default test -->
