<?xml version="1.0" encoding="UTF-8"?>
<!-- Generated by org.testng.reporters.JUnitXMLReporter -->
<testsuite hostname="Krishnas-MacBook-Pro.local" ignored="0" name="Test" tests="4" failures="2" timestamp="11 Nov 2019 01:56:04 GMT" time="9.096" errors="0">
  <testcase name="@BeforeMethod beforeMethod" time="8.408" classname="base.BaseTest">
    <failure type="java.lang.NullPointerException">
      <![CDATA[java.lang.NullPointerException
at util.ExtentUtil.logTest(ExtentUtil.java:68)
at base.BaseTest.getDriver(BaseTest.java:34)
at base.BaseTest.beforeMethod(BaseTest.java:49)
at java.util.concurrent.ThreadPoolExecutor.runWorker(ThreadPoolExecutor.java:1149)
at java.util.concurrent.ThreadPoolExecutor$Worker.run(ThreadPoolExecutor.java:624)
at java.lang.Thread.run(Thread.java:748)
... Removed 13 stack frames]]>
    </failure>
  </testcase> <!-- @BeforeMethod beforeMethod -->
  <testcase name="@BeforeMethod beforeMethod" time="8.516" classname="base.BaseTest">
    <failure type="java.lang.NullPointerException">
      <![CDATA[java.lang.NullPointerException
at util.ExtentUtil.logTest(ExtentUtil.java:68)
at base.BaseTest.getDriver(BaseTest.java:34)
at base.BaseTest.beforeMethod(BaseTest.java:49)
at java.util.concurrent.ThreadPoolExecutor.runWorker(ThreadPoolExecutor.java:1149)
at java.util.concurrent.ThreadPoolExecutor$Worker.run(ThreadPoolExecutor.java:624)
at java.lang.Thread.run(Thread.java:748)
... Removed 13 stack frames]]>
    </failure>
  </testcase> <!-- @BeforeMethod beforeMethod -->
  <testcase name="searchCustomerTest" time="0.0" classname="testcases.CustomersTest">
    <skipped/>
  </testcase> <!-- searchCustomerTest -->
  <testcase name="searchCustomerTest" time="8.452" classname="testcases.CustomersTest">
    <failure type="java.lang.NullPointerException">
      <![CDATA[java.lang.NullPointerException
at util.TestCaseWatcher.onTestSkipped(TestCaseWatcher.java:36)
at java.util.concurrent.ThreadPoolExecutor.runWorker(ThreadPoolExecutor.java:1149)
at java.util.concurrent.ThreadPoolExecutor$Worker.run(ThreadPoolExecutor.java:624)
at java.lang.Thread.run(Thread.java:748)
... Removed 8 stack frames]]>
    </failure>
  </testcase> <!-- searchCustomerTest -->
  <testcase name="addCustomerTest" time="0.0" classname="testcases.CustomersTest">
    <skipped/>
  </testcase> <!-- addCustomerTest -->
  <testcase name="addCustomerTest" time="8.539" classname="testcases.CustomersTest">
    <failure type="java.lang.NullPointerException">
      <![CDATA[java.lang.NullPointerException
at util.TestCaseWatcher.onTestSkipped(TestCaseWatcher.java:36)
at java.util.concurrent.ThreadPoolExecutor.runWorker(ThreadPoolExecutor.java:1149)
at java.util.concurrent.ThreadPoolExecutor$Worker.run(ThreadPoolExecutor.java:624)
at java.lang.Thread.run(Thread.java:748)
... Removed 8 stack frames]]>
    </failure>
  </testcase> <!-- addCustomerTest -->
</testsuite> <!-- Test -->
