<?xml version="1.0" encoding="UTF-8"?>
<!-- Generated by org.testng.reporters.JUnitXMLReporter -->
<testsuite hostname="Krishnas-MacBook-Pro.local" ignored="0" name="Test" tests="2" failures="0" timestamp="04 Dec 2019 00:10:18 GMT" time="69.97" errors="0">
  <testcase name="addCustomerTest" time="12.717" classname="testcases.CustomersTest"/>
  <testcase name="searchCustomerTest" time="0.003" classname="testcases.CustomersTest">
    <skipped/>
  </testcase> <!-- searchCustomerTest -->
</testsuite> <!-- Test -->
