<?xml version="1.0" encoding="UTF-8"?>
<testng-results skipped="0" failed="0" ignored="2" total="3" passed="1">
  <reporter-output>
  </reporter-output>
  <suite name="Default suite" duration-ms="28996" started-at="2019-11-08T03:07:10Z" finished-at="2019-11-08T03:07:39Z">
    <groups>
    </groups>
    <test name="Default test" duration-ms="28996" started-at="2019-11-08T03:07:10Z" finished-at="2019-11-08T03:07:39Z">
      <class name="testcases.DiscountsTest">
        <test-method status="PASS" signature="beforeMethod(java.lang.reflect.Method)[pri:0, instance:testcases.DiscountsTest@4ac3c60d]" name="beforeMethod" is-config="true" duration-ms="14468" started-at="2019-11-08T03:07:10Z" finished-at="2019-11-08T03:07:25Z">
          <params>
            <param index="0">
              <value>
                <![CDATA[public void testcases.DiscountsTest.addDiscountTest()]]>
              </value>
            </param>
          </params>
          <reporter-output>
          </reporter-output>
        </test-method> <!-- beforeMethod -->
        <test-method status="PASS" signature="handleMenu()[pri:0, instance:testcases.DiscountsTest@4ac3c60d]" name="handleMenu" is-config="true" duration-ms="2" started-at="2019-11-08T03:07:25Z" finished-at="2019-11-08T03:07:25Z">
          <reporter-output>
          </reporter-output>
        </test-method> <!-- handleMenu -->
        <test-method status="PASS" signature="addDiscountTest()[pri:0, instance:testcases.DiscountsTest@4ac3c60d]" name="addDiscountTest" duration-ms="14378" started-at="2019-11-08T03:07:25Z" finished-at="2019-11-08T03:07:39Z">
          <reporter-output>
          </reporter-output>
        </test-method> <!-- addDiscountTest -->
        <test-method status="PASS" signature="afterMethod(java.lang.reflect.Method)[pri:0, instance:testcases.DiscountsTest@4ac3c60d]" name="afterMethod" is-config="true" duration-ms="118" started-at="2019-11-08T03:07:39Z" finished-at="2019-11-08T03:07:39Z">
          <params>
            <param index="0">
              <value>
                <![CDATA[public void testcases.DiscountsTest.addDiscountTest()]]>
              </value>
            </param>
          </params>
          <reporter-output>
          </reporter-output>
        </test-method> <!-- afterMethod -->
      </class> <!-- testcases.DiscountsTest -->
    </test> <!-- Default test -->
  </suite> <!-- Default suite -->
</testng-results>
