<?xml version="1.0" encoding="UTF-8"?>
<testng-results skipped="0" failed="0" ignored="2" total="9" passed="7">
  <reporter-output>
  </reporter-output>
  <suite name="Suite" duration-ms="139483" started-at="2019-11-12T00:03:50Z" finished-at="2019-11-12T00:06:10Z">
    <groups>
    </groups>
    <test name="Test" duration-ms="139483" started-at="2019-11-12T00:03:50Z" finished-at="2019-11-12T00:06:10Z">
      <class name="testcases.DiscountsTest">
        <test-method status="PASS" signature="beforeMethod()[pri:0, instance:testcases.DiscountsTest@1ce92674]" name="beforeMethod" is-config="true" duration-ms="17360" started-at="2019-11-12T00:04:27Z" finished-at="2019-11-12T00:04:44Z">
          <reporter-output>
          </reporter-output>
        </test-method> <!-- beforeMethod -->
        <test-method status="PASS" signature="beforeMethod()[pri:0, instance:testcases.DiscountsTest@1ce92674]" name="beforeMethod" is-config="true" duration-ms="27835" started-at="2019-11-12T00:04:34Z" finished-at="2019-11-12T00:05:02Z">
          <reporter-output>
          </reporter-output>
        </test-method> <!-- beforeMethod -->
        <test-method status="PASS" signature="addDiscountTest()[pri:0, instance:testcases.DiscountsTest@1ce92674]" name="addDiscountTest" duration-ms="16304" started-at="2019-11-12T00:04:44Z" finished-at="2019-11-12T00:05:00Z">
          <reporter-output>
          </reporter-output>
        </test-method> <!-- addDiscountTest -->
        <test-method status="PASS" signature="beforeMethod()[pri:0, instance:testcases.DiscountsTest@1ce92674]" name="beforeMethod" is-config="true" duration-ms="16681" started-at="2019-11-12T00:05:01Z" finished-at="2019-11-12T00:05:17Z">
          <reporter-output>
          </reporter-output>
        </test-method> <!-- beforeMethod -->
        <test-method status="PASS" signature="getResult(org.testng.ITestResult)[pri:0, instance:testcases.DiscountsTest@1ce92674]" name="getResult" is-config="true" duration-ms="0" started-at="2019-11-12T00:05:01Z" finished-at="2019-11-12T00:05:01Z">
          <params>
            <param index="0">
              <value>
                <![CDATA[[TestResult name=addDiscountTest status=SUCCESS method=DiscountsTest.addDiscountTest()[pri:0, instance:testcases.DiscountsTest@1ce92674] output={null}]]]>
              </value>
            </param>
          </params>
          <reporter-output>
          </reporter-output>
        </test-method> <!-- getResult -->
        <test-method status="PASS" signature="editExistingDiscountTest()[pri:0, instance:testcases.DiscountsTest@1ce92674]" name="editExistingDiscountTest" duration-ms="25041" started-at="2019-11-12T00:05:02Z" finished-at="2019-11-12T00:05:27Z">
          <reporter-output>
          </reporter-output>
        </test-method> <!-- editExistingDiscountTest -->
        <test-method status="PASS" signature="searchDiscountTest()[pri:0, instance:testcases.DiscountsTest@1ce92674]" name="searchDiscountTest" duration-ms="7703" started-at="2019-11-12T00:05:17Z" finished-at="2019-11-12T00:05:25Z">
          <reporter-output>
          </reporter-output>
        </test-method> <!-- searchDiscountTest -->
        <test-method status="PASS" signature="getResult(org.testng.ITestResult)[pri:0, instance:testcases.DiscountsTest@1ce92674]" name="getResult" is-config="true" duration-ms="0" started-at="2019-11-12T00:05:25Z" finished-at="2019-11-12T00:05:25Z">
          <params>
            <param index="0">
              <value>
                <![CDATA[[TestResult name=searchDiscountTest status=SUCCESS method=DiscountsTest.searchDiscountTest()[pri:0, instance:testcases.DiscountsTest@1ce92674] output={null}]]]>
              </value>
            </param>
          </params>
          <reporter-output>
          </reporter-output>
        </test-method> <!-- getResult -->
        <test-method status="PASS" signature="getResult(org.testng.ITestResult)[pri:0, instance:testcases.DiscountsTest@1ce92674]" name="getResult" is-config="true" duration-ms="0" started-at="2019-11-12T00:05:27Z" finished-at="2019-11-12T00:05:27Z">
          <params>
            <param index="0">
              <value>
                <![CDATA[[TestResult name=editExistingDiscountTest status=SUCCESS method=DiscountsTest.editExistingDiscountTest()[pri:0, instance:testcases.DiscountsTest@1ce92674] output={null}]]]>
              </value>
            </param>
          </params>
          <reporter-output>
          </reporter-output>
        </test-method> <!-- getResult -->
      </class> <!-- testcases.DiscountsTest -->
      <class name="testcases.CustomersTest">
        <test-method status="PASS" signature="beforeMethod()[pri:0, instance:testcases.CustomersTest@7085bdee]" name="beforeMethod" is-config="true" duration-ms="29125" started-at="2019-11-12T00:03:51Z" finished-at="2019-11-12T00:04:20Z">
          <reporter-output>
          </reporter-output>
        </test-method> <!-- beforeMethod -->
        <test-method status="PASS" signature="beforeMethod()[pri:0, instance:testcases.CustomersTest@7085bdee]" name="beforeMethod" is-config="true" duration-ms="29995" started-at="2019-11-12T00:03:51Z" finished-at="2019-11-12T00:04:21Z">
          <reporter-output>
          </reporter-output>
        </test-method> <!-- beforeMethod -->
        <test-method status="PASS" signature="addCustomerTest()[pri:0, instance:testcases.CustomersTest@7085bdee]" name="addCustomerTest" duration-ms="13930" started-at="2019-11-12T00:04:20Z" finished-at="2019-11-12T00:04:34Z">
          <reporter-output>
          </reporter-output>
        </test-method> <!-- addCustomerTest -->
        <test-method status="PASS" signature="searchCustomerTest()[pri:0, instance:testcases.CustomersTest@7085bdee]" name="searchCustomerTest" duration-ms="5973" started-at="2019-11-12T00:04:21Z" finished-at="2019-11-12T00:04:27Z">
          <reporter-output>
          </reporter-output>
        </test-method> <!-- searchCustomerTest -->
        <test-method status="PASS" signature="getResult(org.testng.ITestResult)[pri:0, instance:testcases.CustomersTest@7085bdee]" name="getResult" is-config="true" duration-ms="1" started-at="2019-11-12T00:04:27Z" finished-at="2019-11-12T00:04:27Z">
          <params>
            <param index="0">
              <value>
                <![CDATA[[TestResult name=searchCustomerTest status=SUCCESS method=CustomersTest.searchCustomerTest()[pri:0, instance:testcases.CustomersTest@7085bdee] output={null}]]]>
              </value>
            </param>
          </params>
          <reporter-output>
          </reporter-output>
        </test-method> <!-- getResult -->
        <test-method status="PASS" signature="getResult(org.testng.ITestResult)[pri:0, instance:testcases.CustomersTest@7085bdee]" name="getResult" is-config="true" duration-ms="1" started-at="2019-11-12T00:04:34Z" finished-at="2019-11-12T00:04:34Z">
          <params>
            <param index="0">
              <value>
                <![CDATA[[TestResult name=addCustomerTest status=SUCCESS method=CustomersTest.addCustomerTest()[pri:0, instance:testcases.CustomersTest@7085bdee] output={null}]]]>
              </value>
            </param>
          </params>
          <reporter-output>
          </reporter-output>
        </test-method> <!-- getResult -->
        <test-method status="PASS" signature="tearDown()[pri:0, instance:testcases.CustomersTest@7085bdee]" name="tearDown" is-config="true" duration-ms="0" started-at="2019-11-12T00:06:10Z" finished-at="2019-11-12T00:06:10Z">
          <reporter-output>
          </reporter-output>
        </test-method> <!-- tearDown -->
      </class> <!-- testcases.CustomersTest -->
      <class name="testcases.ProductsTest">
        <test-method status="PASS" signature="beforeMethod()[pri:0, instance:testcases.ProductsTest@5700d6b1]" name="beforeMethod" is-config="true" duration-ms="20341" started-at="2019-11-12T00:05:25Z" finished-at="2019-11-12T00:05:45Z">
          <reporter-output>
          </reporter-output>
        </test-method> <!-- beforeMethod -->
        <test-method status="PASS" signature="beforeMethod()[pri:0, instance:testcases.ProductsTest@5700d6b1]" name="beforeMethod" is-config="true" duration-ms="28095" started-at="2019-11-12T00:05:27Z" finished-at="2019-11-12T00:05:55Z">
          <reporter-output>
          </reporter-output>
        </test-method> <!-- beforeMethod -->
        <test-method status="PASS" signature="addProductTest()[pri:0, instance:testcases.ProductsTest@5700d6b1]" name="addProductTest" duration-ms="24121" started-at="2019-11-12T00:05:45Z" finished-at="2019-11-12T00:06:09Z">
          <reporter-output>
          </reporter-output>
        </test-method> <!-- addProductTest -->
        <test-method status="PASS" signature="searchProductTest()[pri:0, instance:testcases.ProductsTest@5700d6b1]" name="searchProductTest" duration-ms="6060" started-at="2019-11-12T00:05:55Z" finished-at="2019-11-12T00:06:01Z">
          <reporter-output>
          </reporter-output>
        </test-method> <!-- searchProductTest -->
        <test-method status="PASS" signature="getResult(org.testng.ITestResult)[pri:0, instance:testcases.ProductsTest@5700d6b1]" name="getResult" is-config="true" duration-ms="1" started-at="2019-11-12T00:06:01Z" finished-at="2019-11-12T00:06:01Z">
          <params>
            <param index="0">
              <value>
                <![CDATA[[TestResult name=searchProductTest status=SUCCESS method=ProductsTest.searchProductTest()[pri:0, instance:testcases.ProductsTest@5700d6b1] output={null}]]]>
              </value>
            </param>
          </params>
          <reporter-output>
          </reporter-output>
        </test-method> <!-- getResult -->
        <test-method status="PASS" signature="getResult(org.testng.ITestResult)[pri:0, instance:testcases.ProductsTest@5700d6b1]" name="getResult" is-config="true" duration-ms="2" started-at="2019-11-12T00:06:10Z" finished-at="2019-11-12T00:06:10Z">
          <params>
            <param index="0">
              <value>
                <![CDATA[[TestResult name=addProductTest status=SUCCESS method=ProductsTest.addProductTest()[pri:0, instance:testcases.ProductsTest@5700d6b1] output={null}]]]>
              </value>
            </param>
          </params>
          <reporter-output>
          </reporter-output>
        </test-method> <!-- getResult -->
      </class> <!-- testcases.ProductsTest -->
    </test> <!-- Test -->
  </suite> <!-- Suite -->
</testng-results>
