<?xml version="1.0" encoding="UTF-8"?>
<testng-results skipped="1" failed="0" ignored="0" total="2" passed="1">
  <reporter-output>
  </reporter-output>
  <suite name="Suite" duration-ms="69970" started-at="2019-12-04T00:09:08Z" finished-at="2019-12-04T00:10:18Z">
    <groups>
      <group name="functional">
        <method signature="CustomersTest.addCustomerTest()[pri:0, instance:testcases.CustomersTest@dc24521]" name="addCustomerTest" class="testcases.CustomersTest"/>
      </group> <!-- functional -->
      <group name="smoke">
        <method signature="CustomersTest.searchCustomerTest()[pri:0, instance:testcases.CustomersTest@dc24521]" name="searchCustomerTest" class="testcases.CustomersTest"/>
      </group> <!-- smoke -->
    </groups>
    <test name="Test" duration-ms="69970" started-at="2019-12-04T00:09:08Z" finished-at="2019-12-04T00:10:18Z">
      <class name="testcases.CustomersTest">
        <test-method status="PASS" signature="beforeMethod()[pri:0, instance:testcases.CustomersTest@dc24521]" name="beforeMethod" is-config="true" duration-ms="44686" started-at="2019-12-04T00:09:10Z" finished-at="2019-12-04T00:09:55Z">
          <reporter-output>
          </reporter-output>
        </test-method> <!-- beforeMethod -->
        <test-method status="PASS" signature="addCustomerTest()[pri:0, instance:testcases.CustomersTest@dc24521]" name="addCustomerTest" duration-ms="12717" started-at="2019-12-04T00:09:55Z" finished-at="2019-12-04T00:10:07Z">
          <reporter-output>
          </reporter-output>
        </test-method> <!-- addCustomerTest -->
        <test-method status="PASS" signature="getResult(org.testng.ITestResult)[pri:0, instance:testcases.CustomersTest@dc24521]" name="getResult" is-config="true" duration-ms="2" started-at="2019-12-04T00:10:08Z" finished-at="2019-12-04T00:10:08Z">
          <params>
            <param index="0">
              <value>
                <![CDATA[[TestResult name=addCustomerTest status=SUCCESS method=CustomersTest.addCustomerTest()[pri:0, instance:testcases.CustomersTest@dc24521] output={null}]]]>
              </value>
            </param>
          </params>
          <reporter-output>
          </reporter-output>
        </test-method> <!-- getResult -->
        <test-method status="PASS" signature="beforeMethod()[pri:0, instance:testcases.CustomersTest@dc24521]" name="beforeMethod" is-config="true" duration-ms="9957" started-at="2019-12-04T00:10:08Z" finished-at="2019-12-04T00:10:18Z">
          <reporter-output>
          </reporter-output>
        </test-method> <!-- beforeMethod -->
        <test-method status="SKIP" signature="searchCustomerTest()[pri:0, instance:testcases.CustomersTest@dc24521]" name="searchCustomerTest" duration-ms="3" started-at="2019-12-04T00:10:18Z" finished-at="2019-12-04T00:10:18Z">
          <exception class="org.testng.SkipException">
            <message>
              <![CDATA[Skipping Testcase as the RUNMODE is N.]]>
            </message>
            <full-stacktrace>
              <![CDATA[org.testng.SkipException: Skipping Testcase as the RUNMODE is N.
at util.TestCaseWatcher.onTestStart(TestCaseWatcher.java:94)
at org.testng.internal.TestListenerHelper.runTestListeners(TestListenerHelper.java:73)
at org.testng.internal.Invoker.runTestListeners(Invoker.java:1388)
at org.testng.internal.Invoker.invokeMethod(Invoker.java:556)
at org.testng.internal.Invoker.invokeTestMethod(Invoker.java:716)
at org.testng.internal.Invoker.invokeTestMethods(Invoker.java:988)
at org.testng.internal.TestMethodWorker.invokeTestMethods(TestMethodWorker.java:125)
at org.testng.internal.TestMethodWorker.run(TestMethodWorker.java:109)
at org.testng.TestRunner.privateRun(TestRunner.java:648)
at org.testng.TestRunner.run(TestRunner.java:505)
at org.testng.SuiteRunner.runTest(SuiteRunner.java:455)
at org.testng.SuiteRunner.runSequentially(SuiteRunner.java:450)
at org.testng.SuiteRunner.privateRun(SuiteRunner.java:415)
at org.testng.SuiteRunner.run(SuiteRunner.java:364)
at org.testng.SuiteRunnerWorker.runSuite(SuiteRunnerWorker.java:52)
at org.testng.SuiteRunnerWorker.run(SuiteRunnerWorker.java:84)
at org.testng.TestNG.runSuitesSequentially(TestNG.java:1208)
at org.testng.TestNG.runSuitesLocally(TestNG.java:1137)
at org.testng.TestNG.runSuites(TestNG.java:1049)
at org.testng.TestNG.run(TestNG.java:1017)
at org.testng.remote.AbstractRemoteTestNG.run(AbstractRemoteTestNG.java:114)
at org.testng.remote.RemoteTestNG.initAndRun(RemoteTestNG.java:251)
at org.testng.remote.RemoteTestNG.main(RemoteTestNG.java:77)
]]>
            </full-stacktrace>
          </exception> <!-- org.testng.SkipException -->
          <reporter-output>
          </reporter-output>
        </test-method> <!-- searchCustomerTest -->
        <test-method status="PASS" signature="getResult(org.testng.ITestResult)[pri:0, instance:testcases.CustomersTest@dc24521]" name="getResult" is-config="true" duration-ms="0" started-at="2019-12-04T00:10:18Z" finished-at="2019-12-04T00:10:18Z">
          <params>
            <param index="0">
              <value>
                <![CDATA[[TestResult name=searchCustomerTest status=SKIP method=CustomersTest.searchCustomerTest()[pri:0, instance:testcases.CustomersTest@dc24521] output={null}]]]>
              </value>
            </param>
          </params>
          <reporter-output>
          </reporter-output>
        </test-method> <!-- getResult -->
        <test-method status="PASS" signature="tearDown()[pri:0, instance:testcases.CustomersTest@dc24521]" name="tearDown" is-config="true" duration-ms="0" started-at="2019-12-04T00:10:19Z" finished-at="2019-12-04T00:10:19Z">
          <reporter-output>
          </reporter-output>
        </test-method> <!-- tearDown -->
      </class> <!-- testcases.CustomersTest -->
    </test> <!-- Test -->
  </suite> <!-- Suite -->
</testng-results>
