<?xml version="1.0" encoding="UTF-8"?>
<testng-results skipped="0" failed="0" ignored="0" total="1" passed="1">
  <reporter-output>
  </reporter-output>
  <suite name="Suite" duration-ms="12004" started-at="2019-10-31T04:52:54Z" finished-at="2019-10-31T04:53:06Z">
    <groups>
    </groups>
    <test name="Test" duration-ms="12004" started-at="2019-10-31T04:52:54Z" finished-at="2019-10-31T04:53:06Z">
      <class name="testcases.Dummy">
        <test-method status="PASS" signature="beforeMethod(java.lang.reflect.Method)[pri:0, instance:testcases.Dummy@548e7350]" name="beforeMethod" is-config="true" duration-ms="11955" started-at="2019-10-31T04:52:54Z" finished-at="2019-10-31T04:53:06Z">
          <params>
            <param index="0">
              <value>
                <![CDATA[public void testcases.Dummy.testCase()]]>
              </value>
            </param>
          </params>
          <reporter-output>
          </reporter-output>
        </test-method> <!-- beforeMethod -->
        <test-method status="PASS" signature="testCase()[pri:0, instance:testcases.Dummy@548e7350]" name="testCase" duration-ms="9" started-at="2019-10-31T04:53:06Z" finished-at="2019-10-31T04:53:06Z">
          <reporter-output>
          </reporter-output>
        </test-method> <!-- testCase -->
      </class> <!-- testcases.Dummy -->
    </test> <!-- Test -->
  </suite> <!-- Suite -->
</testng-results>
