<?xml version="1.0" encoding="UTF-8"?>
<testng-results skipped="2" failed="0" ignored="0" total="3" passed="1">
  <reporter-output>
  </reporter-output>
  <suite name="Suite" duration-ms="61142" started-at="2019-11-22T02:57:43Z" finished-at="2019-11-22T02:58:44Z">
    <groups>
      <group name="functional">
        <method signature="DiscountsTest.addDiscountTest(java.util.HashMap)[pri:0, instance:testcases.DiscountsTest@293a5bf6]" name="addDiscountTest" class="testcases.DiscountsTest"/>
        <method signature="DiscountsTest.editExistingDiscountTest()[pri:0, instance:testcases.DiscountsTest@293a5bf6]" name="editExistingDiscountTest" class="testcases.DiscountsTest"/>
      </group> <!-- functional -->
      <group name="smoke">
        <method signature="DiscountsTest.searchDiscountTest()[pri:0, instance:testcases.DiscountsTest@293a5bf6]" name="searchDiscountTest" class="testcases.DiscountsTest"/>
      </group> <!-- smoke -->
    </groups>
    <test name="Test" duration-ms="61142" started-at="2019-11-22T02:57:43Z" finished-at="2019-11-22T02:58:44Z">
      <class name="testcases.DiscountsTest">
        <test-method status="PASS" signature="beforeMethod()[pri:0, instance:testcases.DiscountsTest@293a5bf6]" name="beforeMethod" is-config="true" duration-ms="17803" started-at="2019-11-22T02:57:44Z" finished-at="2019-11-22T02:58:01Z">
          <reporter-output>
          </reporter-output>
        </test-method> <!-- beforeMethod -->
        <test-method status="PASS" signature="addDiscountTest(java.util.HashMap)[pri:0, instance:testcases.DiscountsTest@293a5bf6]" name="addDiscountTest" duration-ms="9917" started-at="2019-11-22T02:58:01Z" data-provider="dataWithMap" finished-at="2019-11-22T02:58:11Z">
          <params>
            <param index="0">
              <value>
                <![CDATA[{discountPercentage=15, discountName=selenium, discountType=3, endDate=11/5/2019 12:00 AM, startDate=11/4/2019 12:00 AM}]]>
              </value>
            </param>
          </params>
          <reporter-output>
          </reporter-output>
        </test-method> <!-- addDiscountTest -->
        <test-method status="PASS" signature="getResult(org.testng.ITestResult)[pri:0, instance:testcases.DiscountsTest@293a5bf6]" name="getResult" is-config="true" duration-ms="1" started-at="2019-11-22T02:58:12Z" finished-at="2019-11-22T02:58:12Z">
          <params>
            <param index="0">
              <value>
                <![CDATA[[TestResult name=addDiscountTest status=SUCCESS method=DiscountsTest.addDiscountTest(java.util.HashMap)[pri:0, instance:testcases.DiscountsTest@293a5bf6] output={null}]]]>
              </value>
            </param>
          </params>
          <reporter-output>
          </reporter-output>
        </test-method> <!-- getResult -->
        <test-method status="PASS" signature="beforeMethod()[pri:0, instance:testcases.DiscountsTest@293a5bf6]" name="beforeMethod" is-config="true" duration-ms="16997" started-at="2019-11-22T02:58:12Z" finished-at="2019-11-22T02:58:29Z">
          <reporter-output>
          </reporter-output>
        </test-method> <!-- beforeMethod -->
        <test-method status="SKIP" signature="editExistingDiscountTest()[pri:0, instance:testcases.DiscountsTest@293a5bf6]" name="editExistingDiscountTest" duration-ms="4" started-at="2019-11-22T02:58:29Z" finished-at="2019-11-22T02:58:29Z">
          <exception class="org.testng.SkipException">
            <message>
              <![CDATA[Skipping Testcase as the RUNMODE is N.]]>
            </message>
            <full-stacktrace>
              <![CDATA[org.testng.SkipException: Skipping Testcase as the RUNMODE is N.
at util.TestCaseWatcher.onTestStart(TestCaseWatcher.java:94)
at org.testng.internal.TestListenerHelper.runTestListeners(TestListenerHelper.java:73)
at org.testng.internal.Invoker.runTestListeners(Invoker.java:1388)
at org.testng.internal.Invoker.invokeMethod(Invoker.java:556)
at org.testng.internal.Invoker.invokeTestMethod(Invoker.java:716)
at org.testng.internal.Invoker.invokeTestMethods(Invoker.java:988)
at org.testng.internal.TestMethodWorker.invokeTestMethods(TestMethodWorker.java:125)
at org.testng.internal.TestMethodWorker.run(TestMethodWorker.java:109)
at org.testng.TestRunner.privateRun(TestRunner.java:648)
at org.testng.TestRunner.run(TestRunner.java:505)
at org.testng.SuiteRunner.runTest(SuiteRunner.java:455)
at org.testng.SuiteRunner.runSequentially(SuiteRunner.java:450)
at org.testng.SuiteRunner.privateRun(SuiteRunner.java:415)
at org.testng.SuiteRunner.run(SuiteRunner.java:364)
at org.testng.SuiteRunnerWorker.runSuite(SuiteRunnerWorker.java:52)
at org.testng.SuiteRunnerWorker.run(SuiteRunnerWorker.java:84)
at org.testng.TestNG.runSuitesSequentially(TestNG.java:1208)
at org.testng.TestNG.runSuitesLocally(TestNG.java:1137)
at org.testng.TestNG.runSuites(TestNG.java:1049)
at org.testng.TestNG.run(TestNG.java:1017)
at org.testng.remote.AbstractRemoteTestNG.run(AbstractRemoteTestNG.java:114)
at org.testng.remote.RemoteTestNG.initAndRun(RemoteTestNG.java:251)
at org.testng.remote.RemoteTestNG.main(RemoteTestNG.java:77)
]]>
            </full-stacktrace>
          </exception> <!-- org.testng.SkipException -->
          <reporter-output>
          </reporter-output>
        </test-method> <!-- editExistingDiscountTest -->
        <test-method status="PASS" signature="getResult(org.testng.ITestResult)[pri:0, instance:testcases.DiscountsTest@293a5bf6]" name="getResult" is-config="true" duration-ms="1" started-at="2019-11-22T02:58:29Z" finished-at="2019-11-22T02:58:29Z">
          <params>
            <param index="0">
              <value>
                <![CDATA[[TestResult name=editExistingDiscountTest status=SKIP method=DiscountsTest.editExistingDiscountTest()[pri:0, instance:testcases.DiscountsTest@293a5bf6] output={null}]]]>
              </value>
            </param>
          </params>
          <reporter-output>
          </reporter-output>
        </test-method> <!-- getResult -->
        <test-method status="PASS" signature="beforeMethod()[pri:0, instance:testcases.DiscountsTest@293a5bf6]" name="beforeMethod" is-config="true" duration-ms="15316" started-at="2019-11-22T02:58:29Z" finished-at="2019-11-22T02:58:44Z">
          <reporter-output>
          </reporter-output>
        </test-method> <!-- beforeMethod -->
        <test-method status="SKIP" signature="searchDiscountTest()[pri:0, instance:testcases.DiscountsTest@293a5bf6]" name="searchDiscountTest" duration-ms="3" started-at="2019-11-22T02:58:44Z" finished-at="2019-11-22T02:58:44Z">
          <exception class="org.testng.SkipException">
            <message>
              <![CDATA[Skipping Testcase as the RUNMODE is N.]]>
            </message>
            <full-stacktrace>
              <![CDATA[org.testng.SkipException: Skipping Testcase as the RUNMODE is N.
at util.TestCaseWatcher.onTestStart(TestCaseWatcher.java:94)
at org.testng.internal.TestListenerHelper.runTestListeners(TestListenerHelper.java:73)
at org.testng.internal.Invoker.runTestListeners(Invoker.java:1388)
at org.testng.internal.Invoker.invokeMethod(Invoker.java:556)
at org.testng.internal.Invoker.invokeTestMethod(Invoker.java:716)
at org.testng.internal.Invoker.invokeTestMethods(Invoker.java:988)
at org.testng.internal.TestMethodWorker.invokeTestMethods(TestMethodWorker.java:125)
at org.testng.internal.TestMethodWorker.run(TestMethodWorker.java:109)
at org.testng.TestRunner.privateRun(TestRunner.java:648)
at org.testng.TestRunner.run(TestRunner.java:505)
at org.testng.SuiteRunner.runTest(SuiteRunner.java:455)
at org.testng.SuiteRunner.runSequentially(SuiteRunner.java:450)
at org.testng.SuiteRunner.privateRun(SuiteRunner.java:415)
at org.testng.SuiteRunner.run(SuiteRunner.java:364)
at org.testng.SuiteRunnerWorker.runSuite(SuiteRunnerWorker.java:52)
at org.testng.SuiteRunnerWorker.run(SuiteRunnerWorker.java:84)
at org.testng.TestNG.runSuitesSequentially(TestNG.java:1208)
at org.testng.TestNG.runSuitesLocally(TestNG.java:1137)
at org.testng.TestNG.runSuites(TestNG.java:1049)
at org.testng.TestNG.run(TestNG.java:1017)
at org.testng.remote.AbstractRemoteTestNG.run(AbstractRemoteTestNG.java:114)
at org.testng.remote.RemoteTestNG.initAndRun(RemoteTestNG.java:251)
at org.testng.remote.RemoteTestNG.main(RemoteTestNG.java:77)
]]>
            </full-stacktrace>
          </exception> <!-- org.testng.SkipException -->
          <reporter-output>
          </reporter-output>
        </test-method> <!-- searchDiscountTest -->
        <test-method status="PASS" signature="getResult(org.testng.ITestResult)[pri:0, instance:testcases.DiscountsTest@293a5bf6]" name="getResult" is-config="true" duration-ms="0" started-at="2019-11-22T02:58:44Z" finished-at="2019-11-22T02:58:44Z">
          <params>
            <param index="0">
              <value>
                <![CDATA[[TestResult name=searchDiscountTest status=SKIP method=DiscountsTest.searchDiscountTest()[pri:0, instance:testcases.DiscountsTest@293a5bf6] output={null}]]]>
              </value>
            </param>
          </params>
          <reporter-output>
          </reporter-output>
        </test-method> <!-- getResult -->
        <test-method status="PASS" signature="tearDown()[pri:0, instance:testcases.DiscountsTest@293a5bf6]" name="tearDown" is-config="true" duration-ms="0" started-at="2019-11-22T02:58:45Z" finished-at="2019-11-22T02:58:45Z">
          <reporter-output>
          </reporter-output>
        </test-method> <!-- tearDown -->
      </class> <!-- testcases.DiscountsTest -->
    </test> <!-- Test -->
  </suite> <!-- Suite -->
</testng-results>
